<?xml version="1.0" encoding="UTF-8"?>
<!-- Generated by org.testng.reporters.JUnitReportReporter -->
<testsuite hostname="DESKTOP-Q28BER4" failures="0" tests="1" name="com.comcast.crm.org_test.DeleteOrgTest" time="22.200" errors="0" timestamp="2023-09-16T11:11:13 IST" skipped="0">
  <testcase classname="com.comcast.crm.org_test.DeleteOrgTest" name="deleteOrgTest" time="22.200"/>
</testsuite> <!-- com.comcast.crm.org_test.DeleteOrgTest -->
