<?xml version="1.0" encoding="UTF-8"?>
<!-- Generated by org.testng.reporters.JUnitReportReporter -->
<testsuite hostname="DESKTOP-Q28BER4" failures="0" tests="1" name="practice.test.ListenersPractice" time="11.580" errors="0" timestamp="2023-09-22T12:29:41 IST" skipped="0">
  <testcase classname="practice.test.ListenersPractice" name="reportingTest" time="11.580"/>
</testsuite> <!-- practice.test.ListenersPractice -->
