<?xml version="1.0" encoding="UTF-8"?>
<!-- Generated by org.testng.reporters.JUnitReportReporter -->
<testsuite hostname="DESKTOP-Q28BER4" failures="0" tests="1" name="com.comcast.crm.contatct_test.CreateContactTest" time="14.412" errors="0" timestamp="2023-09-22T12:40:01 IST" skipped="0">
  <testcase classname="com.comcast.crm.contatct_test.CreateContactTest" name="createContactTest" time="14.412"/>
</testsuite> <!-- com.comcast.crm.contatct_test.CreateContactTest -->
